Performing C SOURCE FILE Test CMAKE_HAVE_LIBC_PTHREAD failed with the following output:
Change Dir: /home/amov/r300_navigation_ws/build/CMakeFiles/CMakeTmp

Run Build Command(s):/usr/bin/make cmTC_13a4f/fast && /usr/bin/make -f CMakeFiles/cmTC_13a4f.dir/build.make CMakeFiles/cmTC_13a4f.dir/build
make[1]: Entering directory '/home/amov/r300_navigation_ws/build/CMakeFiles/CMakeTmp'
Building C object CMakeFiles/cmTC_13a4f.dir/src.c.o
/usr/bin/cc   -DCMAKE_HAVE_LIBC_PTHREAD   -o CMakeFiles/cmTC_13a4f.dir/src.c.o   -c /home/amov/r300_navigation_ws/build/CMakeFiles/CMakeTmp/src.c
Linking C executable cmTC_13a4f
/usr/local/bin/cmake -E cmake_link_script CMakeFiles/cmTC_13a4f.dir/link.txt --verbose=1
/usr/bin/cc  -DCMAKE_HAVE_LIBC_PTHREAD    -rdynamic CMakeFiles/cmTC_13a4f.dir/src.c.o  -o cmTC_13a4f 
CMakeFiles/cmTC_13a4f.dir/src.c.o: In function `main':
src.c:(.text+0x3e): undefined reference to `pthread_create'
src.c:(.text+0x4a): undefined reference to `pthread_detach'
src.c:(.text+0x5b): undefined reference to `pthread_join'
collect2: error: ld returned 1 exit status
CMakeFiles/cmTC_13a4f.dir/build.make:86: recipe for target 'cmTC_13a4f' failed
make[1]: *** [cmTC_13a4f] Error 1
make[1]: Leaving directory '/home/amov/r300_navigation_ws/build/CMakeFiles/CMakeTmp'
Makefile:121: recipe for target 'cmTC_13a4f/fast' failed
make: *** [cmTC_13a4f/fast] Error 2


Source file was:
#include <pthread.h>

void* test_func(void* data)
{
  return data;
}

int main(void)
{
  pthread_t thread;
  pthread_create(&thread, NULL, test_func, NULL);
  pthread_detach(thread);
  pthread_join(thread, NULL);
  pthread_atfork(NULL, NULL, NULL);
  pthread_exit(NULL);

  return 0;
}

Determining if the function pthread_create exists in the pthreads failed with the following output:
Change Dir: /home/amov/r300_navigation_ws/build/CMakeFiles/CMakeTmp

Run Build Command(s):/usr/bin/make cmTC_ec46a/fast && /usr/bin/make -f CMakeFiles/cmTC_ec46a.dir/build.make CMakeFiles/cmTC_ec46a.dir/build
make[1]: Entering directory '/home/amov/r300_navigation_ws/build/CMakeFiles/CMakeTmp'
Building C object CMakeFiles/cmTC_ec46a.dir/CheckFunctionExists.c.o
/usr/bin/cc   -DCHECK_FUNCTION_EXISTS=pthread_create   -o CMakeFiles/cmTC_ec46a.dir/CheckFunctionExists.c.o   -c /usr/local/share/cmake-3.16/Modules/CheckFunctionExists.c
Linking C executable cmTC_ec46a
/usr/local/bin/cmake -E cmake_link_script CMakeFiles/cmTC_ec46a.dir/link.txt --verbose=1
/usr/bin/cc  -DCHECK_FUNCTION_EXISTS=pthread_create    -rdynamic CMakeFiles/cmTC_ec46a.dir/CheckFunctionExists.c.o  -o cmTC_ec46a  -lpthreads 
/usr/bin/ld: cannot find -lpthreads
collect2: error: ld returned 1 exit status
CMakeFiles/cmTC_ec46a.dir/build.make:86: recipe for target 'cmTC_ec46a' failed
make[1]: *** [cmTC_ec46a] Error 1
make[1]: Leaving directory '/home/amov/r300_navigation_ws/build/CMakeFiles/CMakeTmp'
Makefile:121: recipe for target 'cmTC_ec46a/fast' failed
make: *** [cmTC_ec46a/fast] Error 2



